22-08-2020 23:07:28.627 [Gauge] [DEBUG] Created gauge_screenshots_dir at C:\Users\Testinium\IdeaProjects\thy\.gauge\screenshots
22-08-2020 23:07:28.634 [Gauge] [DEBUG] Plugin java is already installed.
22-08-2020 23:07:28.635 [Gauge] [DEBUG] Plugin html-report is already installed.
22-08-2020 23:07:28.636 [Gauge] [DEBUG] Parsing started.
22-08-2020 23:07:28.637 [Gauge] [DEBUG] Started concepts parsing.
22-08-2020 23:07:28.648 [Gauge] [DEBUG] 0 concepts parsing completed.
22-08-2020 23:07:28.648 [Gauge] [DEBUG] Started specifications parsing.
22-08-2020 23:07:28.654 [Gauge] [DEBUG] 1 specifications parsing completed.
22-08-2020 23:07:28.655 [Gauge] [DEBUG] Parsing completed.
22-08-2020 23:07:28.727 [java] [DEBUG] ***** Printing Properties/Env Values *****
22-08-2020 23:07:28.727 [java] [DEBUG] PATH: C:\Windows\system32;C:\Windows;C:\Windows\System32\Wbem;C:\Windows\System32\WindowsPowerShell\v1.0\;C:\Windows\System32\OpenSSH\;C:\ProgramData\chocolatey\bin;C:\Program Files\Java\jdk1.8.0_211\bin;C:\ProgramData\chocolatey\lib\maven\apache-maven-3.6.3\bin;C:\Program Files\gauge\bin;C:\Users\Testinium\AppData\Local\Android\Sdk\build-tools;C:\Users\Testinium\AppData\Local\Android\Sdk\platforms;C:\Users\Testinium\AppData\Local\Android\Sdk\platform-tools;C:\Users\Testinium\AppData\Local\Android\Sdk\tools\bin;C:\Users\Testinium\AppData\Local\Android\Sdk\tools;C:\Program Files\Microsoft SQL Server\Client SDK\ODBC\170\Tools\Binn\;C:\Program Files (x86)\Microsoft SQL Server\150\Tools\Binn\;C:\Program Files\Microsoft SQL Server\150\Tools\Binn\;C:\Program Files\Microsoft SQL Server\150\DTS\Binn\;C:\Program Files (x86)\Microsoft SQL Server\150\DTS\Binn\;C:\Program Files\Git\cmd;C:\Program Files\dotnet\;C:\Users\Testinium\AppData\Local\Microsoft\WindowsApps;C:\Program Files\JetBrains\IntelliJ IDEA Community Edition 2020.2\bin;C:\Users\Testinium\AppData\Local\GitHubDesktop\bin;C:\Users\Testinium\.dotnet\tools;C:\Users\Testinium\AppData\Roaming\gauge\plugins\screenshot\0.0.1
22-08-2020 23:07:28.727 [java] [DEBUG] JAVA_HOME: C:\Program Files\Java\jdk1.8.0_211
22-08-2020 23:07:28.727 [java] [DEBUG] gauge_project_root: C:\Users\Testinium\IdeaProjects\thy
22-08-2020 23:07:28.727 [java] [DEBUG] gauge_parallel_streams_count: 8
22-08-2020 23:07:28.727 [java] [DEBUG] gauge_reports_dir: reports
22-08-2020 23:07:28.728 [java] [DEBUG] overwrite_reports: true
22-08-2020 23:07:28.728 [java] [DEBUG] logs_directory: logs
22-08-2020 23:07:28.728 [java] [DEBUG] enable_multithreading: 
22-08-2020 23:07:28.728 [java] [DEBUG] gauge_specs_dir: specs
22-08-2020 23:07:28.728 [java] [DEBUG] csv_delimiter: ,
22-08-2020 23:07:28.728 [java] [DEBUG] gauge_java_home: 
22-08-2020 23:07:28.728 [java] [DEBUG] gauge_custom_build_path: 
22-08-2020 23:07:28.728 [java] [DEBUG] gauge_additional_libs: libs/*
22-08-2020 23:07:28.728 [java] [DEBUG] gauge_jvm_args: 
22-08-2020 23:07:28.728 [java] [DEBUG] gauge_custom_compile_dir: 
22-08-2020 23:07:28.728 [java] [DEBUG] gauge_clear_state_level: scenario
22-08-2020 23:07:28.728 [java] [DEBUG] ***** END *****
22-08-2020 23:07:29.081 [Gauge] [DEBUG] Checking updates...
22-08-2020 23:07:29.084 [Gauge] [DEBUG] Downloading https://downloads.gauge.org/plugin/flash?l=java&p=flash,html-report,java,json-report,screenshot,spectacle,xml-report&o=windows&a=amd64
22-08-2020 23:07:29.639 [Gauge] [DEBUG] Downloading https://downloads.gauge.org/plugin/html-report?l=java&p=flash,html-report,java,json-report,screenshot,spectacle,xml-report&o=windows&a=amd64
22-08-2020 23:07:29.868 [Gauge] [DEBUG] Downloading https://downloads.gauge.org/plugin/java?l=java&p=flash,html-report,java,json-report,screenshot,spectacle,xml-report&o=windows&a=amd64
22-08-2020 23:07:30.100 [Gauge] [DEBUG] Downloading https://downloads.gauge.org/plugin/json-report?l=java&p=flash,html-report,java,json-report,screenshot,spectacle,xml-report&o=windows&a=amd64
22-08-2020 23:07:30.274 [Gauge] [DEBUG] Downloading https://downloads.gauge.org/plugin/screenshot?l=java&p=flash,html-report,java,json-report,screenshot,spectacle,xml-report&o=windows&a=amd64
22-08-2020 23:07:30.422 [Gauge] [DEBUG] Downloading https://downloads.gauge.org/plugin/spectacle?l=java&p=flash,html-report,java,json-report,screenshot,spectacle,xml-report&o=windows&a=amd64
22-08-2020 23:07:30.627 [Gauge] [DEBUG] Downloading https://downloads.gauge.org/plugin/xml-report?l=java&p=flash,html-report,java,json-report,screenshot,spectacle,xml-report&o=windows&a=amd64
22-08-2020 23:07:35.158 [java] [DEBUG] classpath set to C:\Program Files\Java\jdk1.8.0_211\jre\lib\charsets.jar;C:\Program Files\Java\jdk1.8.0_211\jre\lib\deploy.jar;C:\Program Files\Java\jdk1.8.0_211\jre\lib\ext\access-bridge-64.jar;C:\Program Files\Java\jdk1.8.0_211\jre\lib\ext\cldrdata.jar;C:\Program Files\Java\jdk1.8.0_211\jre\lib\ext\dnsns.jar;C:\Program Files\Java\jdk1.8.0_211\jre\lib\ext\jaccess.jar;C:\Program Files\Java\jdk1.8.0_211\jre\lib\ext\jfxrt.jar;C:\Program Files\Java\jdk1.8.0_211\jre\lib\ext\localedata.jar;C:\Program Files\Java\jdk1.8.0_211\jre\lib\ext\nashorn.jar;C:\Program Files\Java\jdk1.8.0_211\jre\lib\ext\sunec.jar;C:\Program Files\Java\jdk1.8.0_211\jre\lib\ext\sunjce_provider.jar;C:\Program Files\Java\jdk1.8.0_211\jre\lib\ext\sunmscapi.jar;C:\Program Files\Java\jdk1.8.0_211\jre\lib\ext\sunpkcs11.jar;C:\Program Files\Java\jdk1.8.0_211\jre\lib\ext\zipfs.jar;C:\Program Files\Java\jdk1.8.0_211\jre\lib\javaws.jar;C:\Program Files\Java\jdk1.8.0_211\jre\lib\jce.jar;C:\Program Files\Java\jdk1.8.0_211\jre\lib\jfr.jar;C:\Program Files\Java\jdk1.8.0_211\jre\lib\jfxswt.jar;C:\Program Files\Java\jdk1.8.0_211\jre\lib\jsse.jar;C:\Program Files\Java\jdk1.8.0_211\jre\lib\management-agent.jar;C:\Program Files\Java\jdk1.8.0_211\jre\lib\plugin.jar;C:\Program Files\Java\jdk1.8.0_211\jre\lib\resources.jar;C:\Program Files\Java\jdk1.8.0_211\jre\lib\rt.jar;C:\Users\Testinium\IdeaProjects\thy\target\test-classes;C:\Users\Testinium\IdeaProjects\thy\target\classes;C:\Users\Testinium\.m2\repository\junit\junit\4.12\junit-4.12.jar;C:\Users\Testinium\.m2\repository\org\hamcrest\hamcrest-core\1.3\hamcrest-core-1.3.jar;C:\Users\Testinium\.m2\repository\com\thoughtworks\gauge\gauge-java\0.7.9\gauge-java-0.7.9.jar;C:\Users\Testinium\.m2\repository\org\assertj\assertj-core\3.16.1\assertj-core-3.16.1.jar;C:\Users\Testinium\.m2\repository\org\reflections\reflections\0.9.11\reflections-0.9.11.jar;C:\Users\Testinium\.m2\repository\org\javassist\javassist\3.21.0-GA\javassist-3.21.0-GA.jar;C:\Users\Testinium\.m2\repository\com\github\javaparser\javaparser-core\3.16.1\javaparser-core-3.16.1.jar;C:\Users\Testinium\.m2\repository\commons-io\commons-io\2.7\commons-io-2.7.jar;C:\Users\Testinium\.m2\repository\commons-lang\commons-lang\2.6\commons-lang-2.6.jar;C:\Users\Testinium\.m2\repository\org\json\json\20200518\json-20200518.jar;C:\Users\Testinium\.m2\repository\com\google\protobuf\protobuf-java\3.12.2\protobuf-java-3.12.2.jar;C:\Users\Testinium\.m2\repository\com\google\guava\guava\29.0-jre\guava-29.0-jre.jar;C:\Users\Testinium\.m2\repository\com\google\guava\failureaccess\1.0.1\failureaccess-1.0.1.jar;C:\Users\Testinium\.m2\repository\com\google\guava\listenablefuture\9999.0-empty-to-avoid-conflict-with-guava\listenablefuture-9999.0-empty-to-avoid-conflict-with-guava.jar;C:\Users\Testinium\.m2\repository\com\google\code\findbugs\jsr305\3.0.2\jsr305-3.0.2.jar;C:\Users\Testinium\.m2\repository\org\checkerframework\checker-qual\2.11.1\checker-qual-2.11.1.jar;C:\Users\Testinium\.m2\repository\com\google\errorprone\error_prone_annotations\2.3.4\error_prone_annotations-2.3.4.jar;C:\Users\Testinium\.m2\repository\com\google\j2objc\j2objc-annotations\1.3\j2objc-annotations-1.3.jar;C:\Users\Testinium\.m2\repository\io\grpc\grpc-netty-shaded\1.30.2\grpc-netty-shaded-1.30.2.jar;C:\Users\Testinium\.m2\repository\io\grpc\grpc-core\1.30.2\grpc-core-1.30.2.jar;C:\Users\Testinium\.m2\repository\com\google\android\annotations\4.1.1.4\annotations-4.1.1.4.jar;C:\Users\Testinium\.m2\repository\io\perfmark\perfmark-api\0.19.0\perfmark-api-0.19.0.jar;C:\Users\Testinium\.m2\repository\io\grpc\grpc-protobuf\1.30.2\grpc-protobuf-1.30.2.jar;C:\Users\Testinium\.m2\repository\io\grpc\grpc-api\1.30.2\grpc-api-1.30.2.jar;C:\Users\Testinium\.m2\repository\io\grpc\grpc-context\1.30.2\grpc-context-1.30.2.jar;C:\Users\Testinium\.m2\repository\com\google\api\grpc\proto-google-common-protos\1.17.0\proto-google-common-protos-1.17.0.jar;C:\Users\Testinium\.m2\repository\io\grpc\grpc-protobuf-lite\1.30.2\grpc-protobuf-lite-1.30.2.jar;C:\Users\Testinium\.m2\repository\org\codehaus\mojo\animal-sniffer-annotations\1.18\animal-sniffer-annotations-1.18.jar;C:\Users\Testinium\.m2\repository\io\grpc\grpc-stub\1.30.2\grpc-stub-1.30.2.jar;C:\Users\Testinium\.m2\repository\javax\annotation\javax.annotation-api\1.3.2\javax.annotation-api-1.3.2.jar;C:\Users\Testinium\.m2\repository\io\appium\java-client\7.3.0\java-client-7.3.0.jar;C:\Users\Testinium\.m2\repository\org\seleniumhq\selenium\selenium-java\3.141.59\selenium-java-3.141.59.jar;C:\Users\Testinium\.m2\repository\org\seleniumhq\selenium\selenium-chrome-driver\3.141.59\selenium-chrome-driver-3.141.59.jar;C:\Users\Testinium\.m2\repository\org\seleniumhq\selenium\selenium-edge-driver\3.141.59\selenium-edge-driver-3.141.59.jar;C:\Users\Testinium\.m2\repository\org\seleniumhq\selenium\selenium-firefox-driver\3.141.59\selenium-firefox-driver-3.141.59.jar;C:\Users\Testinium\.m2\repository\org\seleniumhq\selenium\selenium-ie-driver\3.141.59\selenium-ie-driver-3.141.59.jar;C:\Users\Testinium\.m2\repository\org\seleniumhq\selenium\selenium-opera-driver\3.141.59\selenium-opera-driver-3.141.59.jar;C:\Users\Testinium\.m2\repository\org\seleniumhq\selenium\selenium-remote-driver\3.141.59\selenium-remote-driver-3.141.59.jar;C:\Users\Testinium\.m2\repository\org\seleniumhq\selenium\selenium-safari-driver\3.141.59\selenium-safari-driver-3.141.59.jar;C:\Users\Testinium\.m2\repository\net\bytebuddy\byte-buddy\1.8.15\byte-buddy-1.8.15.jar;C:\Users\Testinium\.m2\repository\org\apache\commons\commons-exec\1.3\commons-exec-1.3.jar;C:\Users\Testinium\.m2\repository\com\squareup\okhttp3\okhttp\3.11.0\okhttp-3.11.0.jar;C:\Users\Testinium\.m2\repository\com\squareup\okio\okio\1.14.0\okio-1.14.0.jar;C:\Users\Testinium\.m2\repository\org\seleniumhq\selenium\selenium-support\3.141.59\selenium-support-3.141.59.jar;C:\Users\Testinium\.m2\repository\org\seleniumhq\selenium\selenium-api\3.141.59\selenium-api-3.141.59.jar;C:\Users\Testinium\.m2\repository\com\google\code\gson\gson\2.8.5\gson-2.8.5.jar;C:\Users\Testinium\.m2\repository\org\apache\httpcomponents\httpclient\4.5.9\httpclient-4.5.9.jar;C:\Users\Testinium\.m2\repository\org\apache\httpcomponents\httpcore\4.4.11\httpcore-4.4.11.jar;C:\Users\Testinium\.m2\repository\commons-logging\commons-logging\1.2\commons-logging-1.2.jar;C:\Users\Testinium\.m2\repository\commons-codec\commons-codec\1.11\commons-codec-1.11.jar;C:\Users\Testinium\.m2\repository\cglib\cglib\3.2.12\cglib-3.2.12.jar;C:\Users\Testinium\.m2\repository\org\ow2\asm\asm\7.1\asm-7.1.jar;C:\Users\Testinium\.m2\repository\commons-validator\commons-validator\1.6\commons-validator-1.6.jar;C:\Users\Testinium\.m2\repository\commons-beanutils\commons-beanutils\1.9.2\commons-beanutils-1.9.2.jar;C:\Users\Testinium\.m2\repository\commons-digester\commons-digester\1.8.1\commons-digester-1.8.1.jar;C:\Users\Testinium\.m2\repository\commons-collections\commons-collections\3.2.2\commons-collections-3.2.2.jar;C:\Users\Testinium\.m2\repository\org\apache\commons\commons-lang3\3.9\commons-lang3-3.9.jar;C:\Users\Testinium\.m2\repository\org\springframework\spring-context\5.1.8.RELEASE\spring-context-5.1.8.RELEASE.jar;C:\Users\Testinium\.m2\repository\org\springframework\spring-aop\5.1.8.RELEASE\spring-aop-5.1.8.RELEASE.jar;C:\Users\Testinium\.m2\repository\org\springframework\spring-beans\5.1.8.RELEASE\spring-beans-5.1.8.RELEASE.jar;C:\Users\Testinium\.m2\repository\org\springframework\spring-core\5.1.8.RELEASE\spring-core-5.1.8.RELEASE.jar;C:\Users\Testinium\.m2\repository\org\springframework\spring-jcl\5.1.8.RELEASE\spring-jcl-5.1.8.RELEASE.jar;C:\Users\Testinium\.m2\repository\org\springframework\spring-expression\5.1.8.RELEASE\spring-expression-5.1.8.RELEASE.jar;C:\Users\Testinium\.m2\repository\org\aspectj\aspectjweaver\1.9.4\aspectjweaver-1.9.4.jar;C:\Users\Testinium\.m2\repository\org\slf4j\slf4j-api\1.7.30\slf4j-api-1.7.30.jar;C:\Users\Testinium\.m2\repository\org\slf4j\slf4j-log4j12\1.7.30\slf4j-log4j12-1.7.30.jar;C:\Users\Testinium\.m2\repository\log4j\log4j\1.2.17\log4j-1.2.17.jar;C:\Users\Testinium\.m2\repository\org\apache\commons\commons-csv\1.5\commons-csv-1.5.jar
22-08-2020 23:07:35.283 [java] [DEBUG] found java executable in C:\Program Files\Java\jdk1.8.0_211\jre\bin\java.exe
22-08-2020 23:07:35.283 [java] [DEBUG] running - C:\Program Files\Java\jdk1.8.0_211\jre\bin\java.exe [-Dfile.encoding=UTF-8 com.thoughtworks.gauge.GaugeRuntime --start]
22-08-2020 23:07:35.283 [java] [DEBUG] stdout/stderr is logged to logs\12568-java.exe.out
22-08-2020 23:07:35.575 [java] [DEBUG] multithreading is set to false
22-08-2020 23:07:36.072 [java] [DEBUG] Using reflection to scan dependencies for gauge implementations...
22-08-2020 23:07:36.174 [java] [ERROR] log4j:WARN No appenders could be found for logger (org.reflections.Reflections).
22-08-2020 23:07:36.174 [java] [ERROR] log4j:WARN Please initialize the log4j system properly.
22-08-2020 23:07:36.174 [java] [ERROR] log4j:WARN See http://logging.apache.org/log4j/1.2/faq.html#noconfig for more info.
22-08-2020 23:07:36.693 [java] [DEBUG] gauge-java took 1117milliseconds to load and scan. This should be less than 'runner_connection_timeout' config value.
22-08-2020 23:07:36.693 [java] [DEBUG] run 'gauge config runner_connection_timeout' and verify that it is < 1117
22-08-2020 23:07:36.693 [java] [DEBUG] starting gRPC server...
22-08-2020 23:07:37.245 [java] [DEBUG] started gRPC server on port 62947
22-08-2020 23:07:37.245 [Gauge] [DEBUG] Attempting to connect to grpc server at port: 62947
22-08-2020 23:07:37.534 [Gauge] [DEBUG] Successfully made the connection with runner with port: 62947
22-08-2020 23:07:37.535 [Gauge] [DEBUG] Validation started.
22-08-2020 23:07:40.874 [java] [DEBUG] Scanning packages for steps
22-08-2020 23:07:40.928 [java] [DEBUG] Comparing 'com.testinium.thy.StepImplementation.selectGender' and 'com.testinium.thy.StepImplementation.selectGender'
22-08-2020 23:07:40.929 [java] [DEBUG] Found {} cinsiyet gir. in current project scope.
22-08-2020 23:07:40.929 [java] [DEBUG] Comparing 'com.testinium.thy.StepImplementation.btnPassengerContinue' and 'com.testinium.thy.StepImplementation.btnPassengerContinue'
22-08-2020 23:07:40.929 [java] [DEBUG] Found {} passenger sayfasinda continue butonuna tikla. in current project scope.
22-08-2020 23:07:40.929 [java] [DEBUG] Comparing 'com.testinium.thy.StepImplementation.SelectDateView' and 'com.testinium.thy.StepImplementation.SelectDateView'
22-08-2020 23:07:40.929 [java] [DEBUG] Found {} tarih alanina tikla. in current project scope.
22-08-2020 23:07:40.930 [java] [DEBUG] Comparing 'com.testinium.thy.StepImplementation.increaseAdult' and 'com.testinium.thy.StepImplementation.increaseAdult'
22-08-2020 23:07:40.930 [java] [DEBUG] Found {} adult degerini bir arttir. in current project scope.
22-08-2020 23:07:40.930 [java] [DEBUG] Comparing 'com.testinium.thy.StepImplementation.selectFlight' and 'com.testinium.thy.StepImplementation.selectFlight'
22-08-2020 23:07:40.930 [java] [DEBUG] Found {} ucus sec. in current project scope.
22-08-2020 23:07:40.930 [java] [DEBUG] Comparing 'com.testinium.thy.StepImplementation.inputName' and 'com.testinium.thy.StepImplementation.inputName'
22-08-2020 23:07:40.931 [java] [DEBUG] Found {}{} ad gir. in current project scope.
22-08-2020 23:07:40.931 [java] [DEBUG] Comparing 'com.testinium.thy.StepImplementation.selectDate' and 'com.testinium.thy.StepImplementation.selectDate'
22-08-2020 23:07:40.931 [java] [DEBUG] Found {} gun sonrayi sec. in current project scope.
22-08-2020 23:07:40.931 [java] [DEBUG] Comparing 'com.testinium.thy.StepImplementation.addPassenger' and 'com.testinium.thy.StepImplementation.addPassenger'
22-08-2020 23:07:40.931 [java] [DEBUG] Found {} yolcu ekle. in current project scope.
22-08-2020 23:07:40.932 [java] [DEBUG] Comparing 'com.testinium.thy.StepImplementation.date' and 'com.testinium.thy.StepImplementation.date'
22-08-2020 23:07:40.932 [java] [DEBUG] Found {} tarih bilgisi al. in current project scope.
22-08-2020 23:07:40.932 [java] [DEBUG] Comparing 'com.testinium.thy.StepImplementation.adult2' and 'com.testinium.thy.StepImplementation.adult2'
22-08-2020 23:07:40.932 [java] [DEBUG] Found {} 2. adult view ac. in current project scope.
22-08-2020 23:07:40.932 [java] [DEBUG] Comparing 'com.testinium.thy.StepImplementation.departureCode' and 'com.testinium.thy.StepImplementation.departureCode'
22-08-2020 23:07:40.932 [java] [DEBUG] Found {}{} kalkis kodu gir. in current project scope.
22-08-2020 23:07:40.933 [java] [DEBUG] Comparing 'com.testinium.thy.StepImplementation.waitBySecond' and 'com.testinium.thy.StepImplementation.waitBySecond'
22-08-2020 23:07:40.933 [java] [DEBUG] Found {} saniye bekle in current project scope.
22-08-2020 23:07:40.933 [java] [DEBUG] Comparing 'com.testinium.thy.StepImplementation.ecoFlight' and 'com.testinium.thy.StepImplementation.ecoFlight'
22-08-2020 23:07:40.933 [java] [DEBUG] Found {} ekonomik ucus sec. in current project scope.
22-08-2020 23:07:40.934 [java] [DEBUG] Comparing 'com.testinium.thy.StepImplementation.toAirport' and 'com.testinium.thy.StepImplementation.toAirport'
22-08-2020 23:07:40.934 [java] [DEBUG] Found {} varis havalimani tikla. in current project scope.
22-08-2020 23:07:40.934 [java] [DEBUG] Comparing 'com.testinium.thy.StepImplementation.selectDepartureAirport' and 'com.testinium.thy.StepImplementation.selectDepartureAirport'
22-08-2020 23:07:40.934 [java] [DEBUG] Found {} havalimani sec. in current project scope.
22-08-2020 23:07:40.936 [java] [DEBUG] Comparing 'com.testinium.thy.StepImplementation.inputSurname' and 'com.testinium.thy.StepImplementation.inputSurname'
22-08-2020 23:07:40.936 [java] [DEBUG] Found {}{} soyad gir. in current project scope.
22-08-2020 23:07:40.936 [java] [DEBUG] Comparing 'com.testinium.thy.StepImplementation.tckNo' and 'com.testinium.thy.StepImplementation.tckNo'
22-08-2020 23:07:40.936 [java] [DEBUG] Found {}{} tckNo gir. in current project scope.
22-08-2020 23:07:40.937 [java] [DEBUG] Comparing 'com.testinium.thy.StepImplementation.birthDate' and 'com.testinium.thy.StepImplementation.birthDate'
22-08-2020 23:07:40.937 [java] [DEBUG] Found {}{} dogum tarihi gir. in current project scope.
22-08-2020 23:07:40.937 [java] [DEBUG] Comparing 'com.testinium.thy.StepImplementation.acceptCookie' and 'com.testinium.thy.StepImplementation.acceptCookie'
22-08-2020 23:07:40.937 [java] [DEBUG] Found {} cookie kabul et. in current project scope.
22-08-2020 23:07:40.937 [java] [DEBUG] Comparing 'com.testinium.thy.StepImplementation.Nationality' and 'com.testinium.thy.StepImplementation.Nationality'
22-08-2020 23:07:40.937 [java] [DEBUG] Found {} uyruk sec. in current project scope.
22-08-2020 23:07:40.938 [java] [DEBUG] Comparing 'com.testinium.thy.StepImplementation.toAirportCode' and 'com.testinium.thy.StepImplementation.toAirportCode'
22-08-2020 23:07:40.938 [java] [DEBUG] Found {}{} varis havalimani kodu gir. in current project scope.
22-08-2020 23:07:40.938 [java] [DEBUG] Comparing 'com.testinium.thy.StepImplementation.tekYonUcus' and 'com.testinium.thy.StepImplementation.tekYonUcus'
22-08-2020 23:07:40.938 [java] [DEBUG] Found {} tek yon tikla. in current project scope.
22-08-2020 23:07:40.938 [java] [DEBUG] Comparing 'com.testinium.thy.StepImplementation.btnContinue' and 'com.testinium.thy.StepImplementation.btnContinue'
22-08-2020 23:07:40.938 [java] [DEBUG] Found {} Continue butonuna tikla. in current project scope.
22-08-2020 23:07:40.939 [java] [DEBUG] Comparing 'com.testinium.thy.StepImplementation.emailAdress' and 'com.testinium.thy.StepImplementation.emailAdress'
22-08-2020 23:07:40.939 [java] [DEBUG] Found {}{} email gir. in current project scope.
22-08-2020 23:07:40.939 [java] [DEBUG] Comparing 'com.testinium.thy.StepImplementation.getTicket' and 'com.testinium.thy.StepImplementation.getTicket'
22-08-2020 23:07:40.939 [java] [DEBUG] Found {} Book a flight tikla. in current project scope.
22-08-2020 23:07:40.939 [java] [DEBUG] Comparing 'com.testinium.thy.StepImplementation.btnDone' and 'com.testinium.thy.StepImplementation.btnDone'
22-08-2020 23:07:40.939 [java] [DEBUG] Found {} done butonuna tikla in current project scope.
22-08-2020 23:07:40.939 [java] [DEBUG] Comparing 'com.testinium.thy.StepImplementation.searchFlight' and 'com.testinium.thy.StepImplementation.searchFlight'
22-08-2020 23:07:40.939 [java] [DEBUG] Found {} ucus arama butonuna tikla. in current project scope.
22-08-2020 23:07:40.940 [java] [DEBUG] Comparing 'com.testinium.thy.StepImplementation.selectDeparture' and 'com.testinium.thy.StepImplementation.selectDeparture'
22-08-2020 23:07:40.940 [java] [DEBUG] Found {} kalkis havalimani tikla. in current project scope.
22-08-2020 23:07:40.940 [java] [DEBUG] Comparing 'com.testinium.thy.StepImplementation.btnCancelContinue' and 'com.testinium.thy.StepImplementation.btnCancelContinue'
22-08-2020 23:07:40.940 [java] [DEBUG] Found {} cancel sayfasinda continue butonuna tikla. in current project scope.
22-08-2020 23:07:40.940 [java] [DEBUG] Comparing 'com.testinium.thy.StepImplementation.btnCancel' and 'com.testinium.thy.StepImplementation.btnCancel'
22-08-2020 23:07:40.940 [java] [DEBUG] Found {} hes sayfasinda cancel butonuna tikla. in current project scope.
22-08-2020 23:07:40.941 [java] [DEBUG] Comparing 'com.testinium.thy.StepImplementation.btnSave' and 'com.testinium.thy.StepImplementation.btnSave'
22-08-2020 23:07:40.941 [java] [DEBUG] Found {} save butonuna tikla. in current project scope.
22-08-2020 23:07:40.941 [java] [DEBUG] Comparing 'com.testinium.thy.StepImplementation.addPassenger2' and 'com.testinium.thy.StepImplementation.addPassenger2'
22-08-2020 23:07:40.941 [java] [DEBUG] Found {} 2. yolcu ekle. in current project scope.
22-08-2020 23:07:40.942 [java] [DEBUG] Comparing 'com.testinium.thy.StepImplementation.toAirportSelect' and 'com.testinium.thy.StepImplementation.toAirportSelect'
22-08-2020 23:07:40.942 [java] [DEBUG] Found {} varis havalimani sec. in current project scope.
22-08-2020 23:07:40.942 [java] [DEBUG] Scanning packages for hooks
22-08-2020 23:07:40.958 [java] [DEBUG] Scanned steps (using static parsing + reflections): 
22-08-2020 23:07:40.958 [java] [DEBUG] 	{} cinsiyet gir. : public void selectGender(String xpath)
22-08-2020 23:07:40.958 [java] [DEBUG] 	{} uyruk sec. : public void Nationality(String xpath)
22-08-2020 23:07:40.958 [java] [DEBUG] 	{}{} varis havalimani kodu gir. : public void toAirportCode(String id, ınt passenger) throws Exception
22-08-2020 23:07:40.958 [java] [DEBUG] 	{} gun sonrayi sec. : public void selectDate(ınt day)
22-08-2020 23:07:40.958 [java] [DEBUG] 	{} ucus sec. : public void selectFlight(String xpath)
22-08-2020 23:07:40.958 [java] [DEBUG] 	{} hes sayfasinda cancel butonuna tikla. : public void btnCancel(String id)
22-08-2020 23:07:40.958 [java] [DEBUG] 	{} ekonomik ucus sec. : public void ecoFlight(String xpath)
22-08-2020 23:07:40.958 [java] [DEBUG] 	{} Continue butonuna tikla. : public void btnContinue(String id)
22-08-2020 23:07:40.958 [java] [DEBUG] 	{} saniye bekle : public void waitBySecond(ınt second)
22-08-2020 23:07:40.958 [java] [DEBUG] 	{} tarih bilgisi al. : public void date(String id)
22-08-2020 23:07:40.958 [java] [DEBUG] 	{} kalkis havalimani tikla. : public void selectDeparture(String id)
22-08-2020 23:07:40.958 [java] [DEBUG] 	{}{} dogum tarihi gir. : public void birthDate(String id, ınt passenger)
22-08-2020 23:07:40.959 [java] [DEBUG] 	{} tarih alanina tikla. : public void SelectDateView(String id)
22-08-2020 23:07:40.959 [java] [DEBUG] 	{} Book a flight tikla. : public void getTicket(String id)
22-08-2020 23:07:40.959 [java] [DEBUG] 	{} yolcu ekle. : public void addPassenger(String id)
22-08-2020 23:07:40.959 [java] [DEBUG] 	{}{} tckNo gir. : public void tckNo(String id, ınt passenger)
22-08-2020 23:07:40.959 [java] [DEBUG] 	{} passenger sayfasinda continue butonuna tikla. : public void btnPassengerContinue(String id)
22-08-2020 23:07:40.959 [java] [DEBUG] 	{}{} email gir. : public void emailAdress(String id, ınt passenger)
22-08-2020 23:07:40.959 [java] [DEBUG] 	{} varis havalimani sec. : public void toAirportSelect(String id) throws Exception
22-08-2020 23:07:40.959 [java] [DEBUG] 	{} varis havalimani tikla. : public void toAirport(String id)
22-08-2020 23:07:40.959 [java] [DEBUG] 	{} havalimani sec. : public void selectDepartureAirport(String id)
22-08-2020 23:07:40.959 [java] [DEBUG] 	{} cancel sayfasinda continue butonuna tikla. : public void btnCancelContinue(String id)
22-08-2020 23:07:40.959 [java] [DEBUG] 	{} tek yon tikla. : public void tekYonUcus(String id)
22-08-2020 23:07:40.959 [java] [DEBUG] 	{}{} ad gir. : public void inputName(String id, ınt passenger)
22-08-2020 23:07:40.959 [java] [DEBUG] 	{} cookie kabul et. : public void acceptCookie(String id)
22-08-2020 23:07:40.959 [java] [DEBUG] 	{}{} kalkis kodu gir. : public void departureCode(String id, ınt passenger)
22-08-2020 23:07:40.959 [java] [DEBUG] 	{} ucus arama butonuna tikla. : public void searchFlight(String id)
22-08-2020 23:07:40.959 [java] [DEBUG] 	{} save butonuna tikla. : public void btnSave(String id)
22-08-2020 23:07:40.960 [java] [DEBUG] 	{} 2. adult view ac. : public void adult2(String xpath)
22-08-2020 23:07:40.960 [java] [DEBUG] 	{} done butonuna tikla : public void btnDone(String id)
22-08-2020 23:07:40.960 [java] [DEBUG] 	{}{} soyad gir. : public void inputSurname(String id, ınt passenger)
22-08-2020 23:07:40.960 [java] [DEBUG] 	{} adult degerini bir arttir. : public void increaseAdult(String xpath)
22-08-2020 23:07:40.960 [java] [DEBUG] 	{} 2. yolcu ekle. : public void addPassenger2(String xpath)
22-08-2020 23:07:46.303 [Gauge] [DEBUG] Validation completed.
22-08-2020 23:07:46.305 [Gauge] [DEBUG] Run started
22-08-2020 23:07:46.307 [Gauge] [DEBUG] Starting Html Report plugin
22-08-2020 23:07:46.342 [Gauge] [DEBUG] Attempting to connect to grpc server at port: 62951
22-08-2020 23:07:46.346 [Gauge] [DEBUG] Successfully made the connection with plugin with port: 62951
22-08-2020 23:07:46.347 [Gauge] [DEBUG] Initialising suite data store.
22-08-2020 23:08:01.451 [java] [ERROR] Ağu 22, 2020 11:08:01 PM io.appium.java_client.remote.AppiumCommandExecutor$1 lambda$0
22-08-2020 23:08:01.452 [java] [ERROR] INFO: Detected dialect: W3C
22-08-2020 23:08:01.687 [java] [DEBUG] Executing '{} saniye bekle' using 'class com.testinium.thy.StepImplementation.waitBySecond
22-08-2020 23:08:03.727 [java] [DEBUG] Executing '{} cookie kabul et.' using 'class com.testinium.thy.StepImplementation.acceptCookie
22-08-2020 23:08:04.917 [java] [DEBUG] Executing '{} saniye bekle' using 'class com.testinium.thy.StepImplementation.waitBySecond
22-08-2020 23:08:05.924 [java] [DEBUG] Executing '{} Book a flight tikla.' using 'class com.testinium.thy.StepImplementation.getTicket
22-08-2020 23:08:05.998 [java] [DEBUG] Executing '{} saniye bekle' using 'class com.testinium.thy.StepImplementation.waitBySecond
22-08-2020 23:08:08.010 [java] [DEBUG] Executing '{} tek yon tikla.' using 'class com.testinium.thy.StepImplementation.tekYonUcus
22-08-2020 23:08:08.255 [java] [DEBUG] Executing '{} saniye bekle' using 'class com.testinium.thy.StepImplementation.waitBySecond
22-08-2020 23:08:09.262 [java] [DEBUG] Executing '{} kalkis havalimani tikla.' using 'class com.testinium.thy.StepImplementation.selectDeparture
22-08-2020 23:08:09.325 [java] [DEBUG] Executing '{} saniye bekle' using 'class com.testinium.thy.StepImplementation.waitBySecond
22-08-2020 23:08:10.340 [java] [DEBUG] Executing '{}{} kalkis kodu gir.' using 'class com.testinium.thy.StepImplementation.departureCode
22-08-2020 23:08:12.934 [java] [DEBUG] Executing '{} saniye bekle' using 'class com.testinium.thy.StepImplementation.waitBySecond
22-08-2020 23:08:13.949 [java] [DEBUG] Executing '{} havalimani sec.' using 'class com.testinium.thy.StepImplementation.selectDepartureAirport
22-08-2020 23:08:14.019 [java] [DEBUG] Executing '{} saniye bekle' using 'class com.testinium.thy.StepImplementation.waitBySecond
22-08-2020 23:08:15.033 [java] [DEBUG] Executing '{} varis havalimani tikla.' using 'class com.testinium.thy.StepImplementation.toAirport
22-08-2020 23:08:15.109 [java] [DEBUG] Executing '{} saniye bekle' using 'class com.testinium.thy.StepImplementation.waitBySecond
22-08-2020 23:08:16.120 [java] [DEBUG] Executing '{}{} varis havalimani kodu gir.' using 'class com.testinium.thy.StepImplementation.toAirportCode
22-08-2020 23:08:17.452 [java] [DEBUG] Executing '{} saniye bekle' using 'class com.testinium.thy.StepImplementation.waitBySecond
22-08-2020 23:08:18.461 [java] [DEBUG] Executing '{} varis havalimani sec.' using 'class com.testinium.thy.StepImplementation.toAirportSelect
22-08-2020 23:08:18.532 [java] [DEBUG] Executing '{} saniye bekle' using 'class com.testinium.thy.StepImplementation.waitBySecond
22-08-2020 23:08:19.538 [java] [DEBUG] Executing '{} tarih alanina tikla.' using 'class com.testinium.thy.StepImplementation.SelectDateView
22-08-2020 23:08:19.618 [java] [DEBUG] Executing '{} saniye bekle' using 'class com.testinium.thy.StepImplementation.waitBySecond
22-08-2020 23:08:20.625 [java] [DEBUG] Executing '{} gun sonrayi sec.' using 'class com.testinium.thy.StepImplementation.selectDate
22-08-2020 23:08:21.269 [java] [DEBUG] Executing '{} saniye bekle' using 'class com.testinium.thy.StepImplementation.waitBySecond
22-08-2020 23:08:22.278 [java] [DEBUG] Executing '{} done butonuna tikla' using 'class com.testinium.thy.StepImplementation.btnDone
22-08-2020 23:08:22.397 [java] [DEBUG] Executing '{} saniye bekle' using 'class com.testinium.thy.StepImplementation.waitBySecond
22-08-2020 23:08:23.413 [java] [DEBUG] Executing '{} adult degerini bir arttir.' using 'class com.testinium.thy.StepImplementation.increaseAdult
22-08-2020 23:08:24.016 [java] [DEBUG] Executing '{} saniye bekle' using 'class com.testinium.thy.StepImplementation.waitBySecond
22-08-2020 23:08:25.022 [java] [DEBUG] Executing '{} ucus arama butonuna tikla.' using 'class com.testinium.thy.StepImplementation.searchFlight
22-08-2020 23:08:25.115 [java] [DEBUG] Executing '{} saniye bekle' using 'class com.testinium.thy.StepImplementation.waitBySecond
22-08-2020 23:08:28.126 [java] [DEBUG] Executing '{} ucus sec.' using 'class com.testinium.thy.StepImplementation.selectFlight
22-08-2020 23:08:29.265 [java] [DEBUG] Executing '{} saniye bekle' using 'class com.testinium.thy.StepImplementation.waitBySecond
22-08-2020 23:08:30.272 [java] [DEBUG] Executing '{} ekonomik ucus sec.' using 'class com.testinium.thy.StepImplementation.ecoFlight
22-08-2020 23:08:30.452 [java] [DEBUG] Executing '{} saniye bekle' using 'class com.testinium.thy.StepImplementation.waitBySecond
22-08-2020 23:08:31.457 [java] [DEBUG] Executing '{} Continue butonuna tikla.' using 'class com.testinium.thy.StepImplementation.btnContinue
22-08-2020 23:08:31.534 [java] [DEBUG] Executing '{} saniye bekle' using 'class com.testinium.thy.StepImplementation.waitBySecond
22-08-2020 23:08:32.539 [java] [DEBUG] Executing '{} yolcu ekle.' using 'class com.testinium.thy.StepImplementation.addPassenger
22-08-2020 23:08:33.418 [java] [DEBUG] Executing '{} saniye bekle' using 'class com.testinium.thy.StepImplementation.waitBySecond
22-08-2020 23:08:34.427 [java] [DEBUG] Executing '{}{} ad gir.' using 'class com.testinium.thy.StepImplementation.inputName
22-08-2020 23:08:35.845 [java] [DEBUG] Executing '{} saniye bekle' using 'class com.testinium.thy.StepImplementation.waitBySecond
22-08-2020 23:08:36.859 [java] [DEBUG] Executing '{}{} soyad gir.' using 'class com.testinium.thy.StepImplementation.inputSurname
22-08-2020 23:08:37.742 [java] [DEBUG] Executing '{} saniye bekle' using 'class com.testinium.thy.StepImplementation.waitBySecond
22-08-2020 23:08:38.756 [java] [DEBUG] Executing '{} cinsiyet gir.' using 'class com.testinium.thy.StepImplementation.selectGender
22-08-2020 23:08:38.892 [java] [DEBUG] Executing '{} saniye bekle' using 'class com.testinium.thy.StepImplementation.waitBySecond
22-08-2020 23:08:39.899 [java] [DEBUG] Executing '{}{} dogum tarihi gir.' using 'class com.testinium.thy.StepImplementation.birthDate
22-08-2020 23:08:40.456 [java] [DEBUG] Executing '{} saniye bekle' using 'class com.testinium.thy.StepImplementation.waitBySecond
22-08-2020 23:08:41.462 [java] [DEBUG] Executing '{}{} email gir.' using 'class com.testinium.thy.StepImplementation.emailAdress
22-08-2020 23:08:42.023 [java] [DEBUG] Executing '{} saniye bekle' using 'class com.testinium.thy.StepImplementation.waitBySecond
22-08-2020 23:08:43.029 [java] [DEBUG] Executing '{} uyruk sec.' using 'class com.testinium.thy.StepImplementation.Nationality
22-08-2020 23:08:43.170 [java] [DEBUG] Executing '{} saniye bekle' using 'class com.testinium.thy.StepImplementation.waitBySecond
22-08-2020 23:08:44.176 [java] [DEBUG] Executing '{}{} tckNo gir.' using 'class com.testinium.thy.StepImplementation.tckNo
22-08-2020 23:08:44.243 [java] [DEBUG] Executing '{} saniye bekle' using 'class com.testinium.thy.StepImplementation.waitBySecond
22-08-2020 23:08:45.250 [java] [DEBUG] Executing '{} save butonuna tikla.' using 'class com.testinium.thy.StepImplementation.btnSave
22-08-2020 23:08:45.306 [java] [DEBUG] Executing '{} saniye bekle' using 'class com.testinium.thy.StepImplementation.waitBySecond
22-08-2020 23:08:46.310 [java] [DEBUG] Executing '{} 2. adult view ac.' using 'class com.testinium.thy.StepImplementation.adult2
22-08-2020 23:08:46.495 [java] [DEBUG] Executing '{} saniye bekle' using 'class com.testinium.thy.StepImplementation.waitBySecond
22-08-2020 23:08:47.504 [java] [DEBUG] Executing '{} 2. yolcu ekle.' using 'class com.testinium.thy.StepImplementation.addPassenger2
22-08-2020 23:08:47.758 [java] [DEBUG] Executing '{} saniye bekle' using 'class com.testinium.thy.StepImplementation.waitBySecond
22-08-2020 23:08:48.767 [java] [DEBUG] Executing '{}{} ad gir.' using 'class com.testinium.thy.StepImplementation.inputName
22-08-2020 23:08:48.962 [java] [DEBUG] Executing '{} saniye bekle' using 'class com.testinium.thy.StepImplementation.waitBySecond
22-08-2020 23:08:49.969 [java] [DEBUG] Executing '{}{} soyad gir.' using 'class com.testinium.thy.StepImplementation.inputSurname
22-08-2020 23:08:50.853 [java] [DEBUG] Executing '{} saniye bekle' using 'class com.testinium.thy.StepImplementation.waitBySecond
22-08-2020 23:08:51.867 [java] [DEBUG] Executing '{} cinsiyet gir.' using 'class com.testinium.thy.StepImplementation.selectGender
22-08-2020 23:08:52.025 [java] [DEBUG] Executing '{} saniye bekle' using 'class com.testinium.thy.StepImplementation.waitBySecond
22-08-2020 23:08:53.041 [java] [DEBUG] Executing '{}{} dogum tarihi gir.' using 'class com.testinium.thy.StepImplementation.birthDate
22-08-2020 23:08:53.108 [java] [DEBUG] Executing '{} saniye bekle' using 'class com.testinium.thy.StepImplementation.waitBySecond
22-08-2020 23:08:54.117 [java] [DEBUG] Executing '{}{} email gir.' using 'class com.testinium.thy.StepImplementation.emailAdress
22-08-2020 23:08:54.688 [java] [DEBUG] Executing '{} saniye bekle' using 'class com.testinium.thy.StepImplementation.waitBySecond
22-08-2020 23:08:55.700 [java] [DEBUG] Executing '{} uyruk sec.' using 'class com.testinium.thy.StepImplementation.Nationality
22-08-2020 23:08:55.854 [java] [DEBUG] Executing '{} saniye bekle' using 'class com.testinium.thy.StepImplementation.waitBySecond
22-08-2020 23:08:56.859 [java] [DEBUG] Executing '{}{} tckNo gir.' using 'class com.testinium.thy.StepImplementation.tckNo
22-08-2020 23:08:56.928 [java] [DEBUG] Executing '{} saniye bekle' using 'class com.testinium.thy.StepImplementation.waitBySecond
22-08-2020 23:08:57.936 [java] [DEBUG] Executing '{} save butonuna tikla.' using 'class com.testinium.thy.StepImplementation.btnSave
22-08-2020 23:08:58.009 [java] [DEBUG] Executing '{} saniye bekle' using 'class com.testinium.thy.StepImplementation.waitBySecond
22-08-2020 23:08:59.015 [java] [DEBUG] Executing '{} passenger sayfasinda continue butonuna tikla.' using 'class com.testinium.thy.StepImplementation.btnPassengerContinue
22-08-2020 23:08:59.066 [java] [DEBUG] Executing '{} saniye bekle' using 'class com.testinium.thy.StepImplementation.waitBySecond
22-08-2020 23:09:00.070 [java] [DEBUG] Executing '{} hes sayfasinda cancel butonuna tikla.' using 'class com.testinium.thy.StepImplementation.btnCancel
22-08-2020 23:09:00.117 [java] [DEBUG] Executing '{} saniye bekle' using 'class com.testinium.thy.StepImplementation.waitBySecond
22-08-2020 23:09:01.124 [java] [DEBUG] Executing '{} cancel sayfasinda continue butonuna tikla.' using 'class com.testinium.thy.StepImplementation.btnCancelContinue
22-08-2020 23:09:01.354 [java] [DEBUG] Executing '{} saniye bekle' using 'class com.testinium.thy.StepImplementation.waitBySecond
